🔹 Job iniziato su franco
🔹 Data e ora: Tue Sep  9 22:37:29 CEST 2025
🔹 GPU disponibile: NVIDIA L40S

=== Fold 1 ===
Accuracy: 0.8526, Precision: 0.7857, Recall: 0.5000, F1: 0.6111

=== Fold 2 ===
Accuracy: 0.8105, Precision: 0.6111, Recall: 0.5000, F1: 0.5500

=== Fold 3 ===
Accuracy: 0.8000, Precision: 0.6667, Recall: 0.2727, F1: 0.3871

=== Fold 4 ===
Accuracy: 0.8000, Precision: 0.5455, Recall: 0.5714, F1: 0.5581

=== Fold 5 ===
Accuracy: 0.7895, Precision: 0.5333, Recall: 0.3810, F1: 0.4444

=== Fold 6 ===
Accuracy: 0.8404, Precision: 0.8000, Recall: 0.3810, F1: 0.5161

=== Fold 7 ===
Accuracy: 0.8404, Precision: 0.8000, Recall: 0.3810, F1: 0.5161

=== Fold 8 ===
Accuracy: 0.8191, Precision: 0.6429, Recall: 0.4286, F1: 0.5143

=== Fold 9 ===
Accuracy: 0.7553, Precision: 0.4375, Recall: 0.3333, F1: 0.3784

=== Fold 10 ===
Accuracy: 0.7553, Precision: 0.4444, Recall: 0.3810, F1: 0.4103

=== Media 10-fold ===
Accuracy: 0.8063
Precision: 0.6267
Recall: 0.4130
F1-score: 0.4886
✅ Job completato con successo!
🔹 Data e ora di fine: Tue Sep  9 22:37:58 CEST 2025
🔹 GPU utilizzata: NVIDIA L40S
